2025-06-06 11:45:33,993 - INFO - [GET /predict] Requête reçue pour la date : 2024-01-06
2025-06-06 11:45:33,996 - INFO - [GET /predict] 8 lignes récupérées pour 2024-01-06
2025-06-06 13:01:40,190 - INFO - [GET /predict] Requête reçue pour la date : 2024-01-06
2025-06-06 13:01:40,193 - INFO - [GET /predict] 8 lignes récupérées pour 2024-01-06
2025-06-06 13:01:40,208 - INFO - [POST /combined] Requête reçue pour période 2030-01-01 → 2030-01-02
2025-06-06 13:01:40,211 - WARNING - [POST /combined] Aucune donnée pour la période 2030-01-01 → 2030-01-02
2025-06-06 13:01:40,211 - WARNING - [POST /combined] Aucune donnée disponible pour cette période.
2025-06-06 13:01:48,889 - INFO - [GET /predict] Requête reçue pour la date : 2024-01-06
2025-06-06 13:01:48,892 - INFO - [GET /predict] 8 lignes récupérées pour 2024-01-06
2025-06-06 13:01:56,104 - INFO - [POST /combined] Requête reçue pour période 2030-01-01 → 2030-01-02
2025-06-06 13:01:56,110 - WARNING - [POST /combined] Aucune donnée pour la période 2030-01-01 → 2030-01-02
2025-06-06 13:01:56,110 - WARNING - [POST /combined] Aucune donnée disponible pour cette période.
2025-07-21 08:58:58,958 - INFO - [GET /predict] Requête reçue pour la date : 2024-01-06
2025-07-21 08:58:58,968 - INFO - [GET /predict] 8 lignes récupérées pour 2024-01-06
2025-07-21 08:59:14,279 - INFO - [POST /combined] Requête reçue pour période 2024-01-01 → 2024-01-07
2025-07-21 08:59:14,283 - INFO - [POST /combined] 96 lignes récupérées.
2025-07-21 08:59:23,275 - INFO - [POST /combined] Requête reçue pour période 2024-01-01 → 2024-01-07
2025-07-21 08:59:23,278 - INFO - [POST /combined] 96 lignes récupérées.
2025-07-21 09:00:00,010 - INFO - [POST /combined] Requête reçue pour période 2024-02-01 → 2024-02-07
2025-07-21 09:00:00,014 - WARNING - [POST /combined] Aucune donnée pour la période 2024-02-01 → 2024-02-07
2025-07-21 09:00:00,014 - WARNING - [POST /combined] Aucune donnée disponible pour cette période.
2025-07-21 09:00:27,978 - INFO - [POST /combined] Requête reçue pour période 2023-10-01 → 2023-10-07
2025-07-21 09:00:27,982 - INFO - [POST /combined] 336 lignes récupérées.
2025-07-21 10:46:15,857 - INFO - [GET /predict] Requête reçue pour la date : 2024-01-06
2025-07-21 10:46:15,868 - INFO - [GET /predict] 8 lignes récupérées pour 2024-01-06
2025-07-21 10:46:36,091 - INFO - [GET /predict] Requête reçue pour la date : 2023-01-06
2025-07-21 10:46:36,095 - WARNING - [GET /predict] Aucune prédiction pour la date : 2023-01-06
2025-07-21 10:46:36,098 - WARNING - [GET /predict] {'message': 'Aucune prédiction trouvée pour cette date.', 'disponible_de': '2023-06-20', 'disponible_jusque': '2024-11-30'}
2025-07-25 09:32:49,466 - INFO - [GET /predict] Requête reçue pour la date : 2024-01-06
2025-07-25 09:32:49,476 - INFO - [GET /predict] 8 lignes récupérées pour 2024-01-06
2025-07-25 09:33:09,311 - INFO - [GET /predict] Requête reçue pour la date : 2023-08-06
2025-07-25 09:33:09,316 - INFO - [GET /predict] 8 lignes récupérées pour 2023-08-06
2025-07-25 09:33:21,723 - INFO - [GET /predict] Requête reçue pour la date : 2023-05-06
2025-07-25 09:33:21,729 - WARNING - [GET /predict] Aucune prédiction pour la date : 2023-05-06
2025-07-25 09:33:21,733 - WARNING - [GET /predict] {'message': 'Aucune prédiction trouvée pour cette date.', 'disponible_de': '2023-06-20', 'disponible_jusque': '2024-11-30'}
2025-07-25 09:33:27,880 - INFO - [GET /predict] Requête reçue pour la date : 2023-06-06
2025-07-25 09:33:27,883 - WARNING - [GET /predict] Aucune prédiction pour la date : 2023-06-06
2025-07-25 09:33:27,886 - WARNING - [GET /predict] {'message': 'Aucune prédiction trouvée pour cette date.', 'disponible_de': '2023-06-20', 'disponible_jusque': '2024-11-30'}
2025-07-25 09:33:45,150 - INFO - [GET /predict] Requête reçue pour la date : 2024-09-06
2025-07-25 09:33:45,156 - INFO - [GET /predict] 32 lignes récupérées pour 2024-09-06
2025-07-25 09:34:19,597 - INFO - [POST /combined] Requête reçue pour période 2024-01-01 → 2024-01-07
2025-07-25 09:34:19,603 - INFO - [POST /combined] 96 lignes récupérées.
2025-07-25 09:34:48,287 - INFO - [POST /combined] Requête reçue pour période 2024-09-01 → 2024-09-07
2025-07-25 09:34:48,293 - INFO - [POST /combined] 224 lignes récupérées.
2025-07-25 10:43:41,147 - INFO - [GET /predict] Requête reçue pour la date : 2024-01-06
2025-07-25 10:43:41,151 - INFO - [GET /predict] 8 lignes récupérées pour 2024-01-06
2025-07-25 10:43:54,344 - INFO - [GET /predict] Requête reçue pour la date : 2024-09-06
2025-07-25 10:43:54,349 - INFO - [GET /predict] 32 lignes récupérées pour 2024-09-06
2025-07-25 10:44:10,705 - INFO - [POST /combined] Requête reçue pour période 2024-01-01 → 2024-01-07
2025-07-25 10:44:10,710 - INFO - [POST /combined] 96 lignes récupérées.
